<?xml version="1.0" encoding="UTF-8"?>
<!-- Generated by org.testng.reporters.JUnitXMLReporter -->
<testsuite hostname="DESKTOP-BA82JK2" ignored="0" name="page1" tests="4" failures="0" timestamp="21 Jun 2019 10:28:32 GMT" time="31.234" errors="0">
  <testcase name="launch" time="24.556" classname="tests.Mainclasses"/>
  <testcase name="login" time="1.82" classname="tests.Mainclasses"/>
  <testcase name="validations" time="2.561" classname="tests.Mainclasses"/>
  <testcase name="closesite" time="2.233" classname="tests.Mainclasses"/>
</testsuite> <!-- page1 -->
