<?xml version="1.0" encoding="UTF-8"?>
<!-- Generated by org.testng.reporters.JUnitXMLReporter -->
<testsuite hostname="DESKTOP-BA82JK2" ignored="0" name="page3" tests="4" failures="0" timestamp="21 Jun 2019 10:28:31 GMT" time="30.528" errors="0">
  <testcase name="launch" time="25.786" classname="tests.Mainclasses"/>
  <testcase name="login" time="2.28" classname="tests.Mainclasses"/>
  <testcase name="validations" time="0.209" classname="tests.Mainclasses"/>
  <testcase name="closesite" time="2.181" classname="tests.Mainclasses"/>
</testsuite> <!-- page3 -->
