<?xml version="1.0" encoding="UTF-8"?>
<testng-results skipped="0" failed="0" ignored="0" total="24" passed="24">
  <reporter-output>
    <line>
      <![CDATA[login test failed]]>
    </line>
    <line>
      <![CDATA[<img src="file:///F:\Selenium\W2smstesting\21-52-19-03-52-05.png/" alt=""/>]]>
    </line>
    <line>
      <![CDATA[no such element: Unable to locate element: {"method":"xpath","selector":"(//*[text()='Enter password'])[2]"}
  (Session info: chrome=75.0.3770.100)
  (Driver info: chromedriver=72.0.3626.69 (3c16f8a135abc0d4da2dff33804db79b849a7c38),platform=Windows NT 10.0.17134 x86_64) (WARNING: The server did not provide any stacktrace information)
Command duration or timeout: 0 milliseconds
For documentation on this error, please visit: http://seleniumhq.org/exceptions/no_such_element.html
Build info: version: '3.141.0', revision: '2ecb7d9a', time: '2018-10-31T20:22:52'
System info: host: 'DESKTOP-BA82JK2', ip: '192.168.217.1', os.name: 'Windows 10', os.arch: 'amd64', os.version: '10.0', java.version: '1.8.0_191'
Driver info: org.openqa.selenium.chrome.ChromeDriver
Capabilities {acceptInsecureCerts: false, acceptSslCerts: false, applicationCacheEnabled: false, browserConnectionEnabled: false, browserName: chrome, chrome: {chromedriverVersion: 72.0.3626.69 (3c16f8a135abc..., userDataDir: C:\Users\MavenPC1\AppData\L...}, cssSelectorsEnabled: true, databaseEnabled: false, goog:chromeOptions: {debuggerAddress: localhost:56907}, handlesAlerts: true, hasTouchScreen: false, javascriptEnabled: true, locationContextEnabled: true, mobileEmulationEnabled: false, nativeEvents: true, networkConnectionEnabled: false, pageLoadStrategy: normal, platform: XP, platformName: XP, proxy: Proxy(), rotatable: false, setWindowRect: true, takesHeapSnapshot: true, takesScreenshot: true, timeouts: {implicit: 0, pageLoad: 300000, script: 30000}, unexpectedAlertBehaviour: ignore, unhandledPromptBehavior: ignore, version: 75.0.3770.100, webStorageEnabled: true}
Session ID: cedf342bfa59345dd683e478f9b6c721
*** Element info: {Using=xpath, value=(//*[text()='Enter password'])[2]}]]>
    </line>
    <line>
      <![CDATA[wrong size mbno test passed]]>
    </line>
    <line>
      <![CDATA[invalid mbno test passed]]>
    </line>
    <line>
      <![CDATA[Blank password test passd]]>
    </line>
    <line>
      <![CDATA[no such element: Unable to locate element: {"method":"xpath","selector":"//*[text()='Invalid Mobile Number']"}
  (Session info: chrome=75.0.3770.100)
  (Driver info: chromedriver=72.0.3626.69 (3c16f8a135abc0d4da2dff33804db79b849a7c38),platform=Windows NT 10.0.17134 x86_64) (WARNING: The server did not provide any stacktrace information)
Command duration or timeout: 0 milliseconds
For documentation on this error, please visit: http://seleniumhq.org/exceptions/no_such_element.html
Build info: version: '3.141.0', revision: '2ecb7d9a', time: '2018-10-31T20:22:52'
System info: host: 'DESKTOP-BA82JK2', ip: '192.168.217.1', os.name: 'Windows 10', os.arch: 'amd64', os.version: '10.0', java.version: '1.8.0_191'
Driver info: org.openqa.selenium.chrome.ChromeDriver
Capabilities {acceptInsecureCerts: false, acceptSslCerts: false, applicationCacheEnabled: false, browserConnectionEnabled: false, browserName: chrome, chrome: {chromedriverVersion: 72.0.3626.69 (3c16f8a135abc..., userDataDir: C:\Users\MavenPC1\AppData\L...}, cssSelectorsEnabled: true, databaseEnabled: false, goog:chromeOptions: {debuggerAddress: localhost:57038}, handlesAlerts: true, hasTouchScreen: false, javascriptEnabled: true, locationContextEnabled: true, mobileEmulationEnabled: false, nativeEvents: true, networkConnectionEnabled: false, pageLoadStrategy: normal, platform: XP, platformName: XP, proxy: Proxy(), rotatable: false, setWindowRect: true, takesHeapSnapshot: true, takesScreenshot: true, timeouts: {implicit: 0, pageLoad: 300000, script: 30000}, unexpectedAlertBehaviour: ignore, unhandledPromptBehavior: ignore, version: 75.0.3770.100, webStorageEnabled: true}
Session ID: cd4272f250e76aa1acbd889e52e46c55
*** Element info: {Using=xpath, value=//*[text()='Invalid Mobile Number']}]]>
    </line>
  </reporter-output>
  <suite name="Suite" duration-ms="69108" started-at="2019-06-21T10:21:53Z" finished-at="2019-06-21T10:23:02Z">
    <groups>
    </groups>
    <test name="page1" duration-ms="13749" started-at="2019-06-21T10:21:53Z" finished-at="2019-06-21T10:22:07Z">
      <class name="tests.Mainclasses">
        <test-method status="PASS" signature="launch()[pri:1, instance:tests.Mainclasses@7dc7cbad]" name="launch" duration-ms="10522" started-at="2019-06-21T10:21:53Z" finished-at="2019-06-21T10:22:04Z">
          <reporter-output>
          </reporter-output>
        </test-method> <!-- launch -->
        <test-method status="PASS" signature="login(java.lang.String, java.lang.String)[pri:2, instance:tests.Mainclasses@7dc7cbad]" name="login" duration-ms="1519" started-at="2019-06-21T10:22:04Z" finished-at="2019-06-21T10:22:05Z">
          <params>
            <param index="0">
              <value>
                <![CDATA[9705427250]]>
              </value>
            </param>
            <param index="1">
              <value>
                <![CDATA[K8336M]]>
              </value>
            </param>
          </params>
          <reporter-output>
          </reporter-output>
        </test-method> <!-- login -->
        <test-method status="PASS" signature="validations(java.lang.String, java.lang.String, java.lang.String, java.lang.String)[pri:3, instance:tests.Mainclasses@7dc7cbad]" name="validations" duration-ms="1515" started-at="2019-06-21T10:22:05Z" finished-at="2019-06-21T10:22:07Z">
          <params>
            <param index="0">
              <value>
                <![CDATA[9705427250]]>
              </value>
            </param>
            <param index="1">
              <value>
                <![CDATA[valid]]>
              </value>
            </param>
            <param index="2">
              <value>
                <![CDATA[K8336M]]>
              </value>
            </param>
            <param index="3">
              <value>
                <![CDATA[valid]]>
              </value>
            </param>
          </params>
          <reporter-output>
            <line>
              <![CDATA[login test failed]]>
            </line>
            <line>
              <![CDATA[<img src="file:///F:\Selenium\W2smstesting\21-52-19-03-52-05.png/" alt=""/>]]>
            </line>
          </reporter-output>
        </test-method> <!-- validations -->
        <test-method status="PASS" signature="closesite()[pri:4, instance:tests.Mainclasses@7dc7cbad]" name="closesite" duration-ms="145" started-at="2019-06-21T10:22:07Z" finished-at="2019-06-21T10:22:07Z">
          <reporter-output>
          </reporter-output>
        </test-method> <!-- closesite -->
      </class> <!-- tests.Mainclasses -->
    </test> <!-- page1 -->
    <test name="page2" duration-ms="10841" started-at="2019-06-21T10:22:07Z" finished-at="2019-06-21T10:22:18Z">
      <class name="tests.Mainclasses">
        <test-method status="PASS" signature="launch()[pri:1, instance:tests.Mainclasses@523884b2]" name="launch" duration-ms="9143" started-at="2019-06-21T10:22:07Z" finished-at="2019-06-21T10:22:16Z">
          <reporter-output>
          </reporter-output>
        </test-method> <!-- launch -->
        <test-method status="PASS" signature="login(java.lang.String, java.lang.String)[pri:2, instance:tests.Mainclasses@523884b2]" name="login" duration-ms="1493" started-at="2019-06-21T10:22:16Z" finished-at="2019-06-21T10:22:18Z">
          <params>
            <param index="0">
              <value>
                <![CDATA[]]>
              </value>
            </param>
            <param index="1">
              <value>
                <![CDATA[K8336M]]>
              </value>
            </param>
          </params>
          <reporter-output>
          </reporter-output>
        </test-method> <!-- login -->
        <test-method status="PASS" signature="validations(java.lang.String, java.lang.String, java.lang.String, java.lang.String)[pri:3, instance:tests.Mainclasses@523884b2]" name="validations" duration-ms="57" started-at="2019-06-21T10:22:18Z" finished-at="2019-06-21T10:22:18Z">
          <params>
            <param index="0">
              <value>
                <![CDATA[]]>
              </value>
            </param>
            <param index="1">
              <value>
                <![CDATA[invalid]]>
              </value>
            </param>
            <param index="2">
              <value>
                <![CDATA[K8336M]]>
              </value>
            </param>
            <param index="3">
              <value>
                <![CDATA[valid]]>
              </value>
            </param>
          </params>
          <reporter-output>
            <line>
              <![CDATA[no such element: Unable to locate element: {"method":"xpath","selector":"(//*[text()='Enter password'])[2]"}
  (Session info: chrome=75.0.3770.100)
  (Driver info: chromedriver=72.0.3626.69 (3c16f8a135abc0d4da2dff33804db79b849a7c38),platform=Windows NT 10.0.17134 x86_64) (WARNING: The server did not provide any stacktrace information)
Command duration or timeout: 0 milliseconds
For documentation on this error, please visit: http://seleniumhq.org/exceptions/no_such_element.html
Build info: version: '3.141.0', revision: '2ecb7d9a', time: '2018-10-31T20:22:52'
System info: host: 'DESKTOP-BA82JK2', ip: '192.168.217.1', os.name: 'Windows 10', os.arch: 'amd64', os.version: '10.0', java.version: '1.8.0_191'
Driver info: org.openqa.selenium.chrome.ChromeDriver
Capabilities {acceptInsecureCerts: false, acceptSslCerts: false, applicationCacheEnabled: false, browserConnectionEnabled: false, browserName: chrome, chrome: {chromedriverVersion: 72.0.3626.69 (3c16f8a135abc..., userDataDir: C:\Users\MavenPC1\AppData\L...}, cssSelectorsEnabled: true, databaseEnabled: false, goog:chromeOptions: {debuggerAddress: localhost:56907}, handlesAlerts: true, hasTouchScreen: false, javascriptEnabled: true, locationContextEnabled: true, mobileEmulationEnabled: false, nativeEvents: true, networkConnectionEnabled: false, pageLoadStrategy: normal, platform: XP, platformName: XP, proxy: Proxy(), rotatable: false, setWindowRect: true, takesHeapSnapshot: true, takesScreenshot: true, timeouts: {implicit: 0, pageLoad: 300000, script: 30000}, unexpectedAlertBehaviour: ignore, unhandledPromptBehavior: ignore, version: 75.0.3770.100, webStorageEnabled: true}
Session ID: cedf342bfa59345dd683e478f9b6c721
*** Element info: {Using=xpath, value=(//*[text()='Enter password'])[2]}]]>
            </line>
          </reporter-output>
        </test-method> <!-- validations -->
        <test-method status="PASS" signature="closesite()[pri:4, instance:tests.Mainclasses@523884b2]" name="closesite" duration-ms="133" started-at="2019-06-21T10:22:18Z" finished-at="2019-06-21T10:22:18Z">
          <reporter-output>
          </reporter-output>
        </test-method> <!-- closesite -->
      </class> <!-- tests.Mainclasses -->
    </test> <!-- page2 -->
    <test name="page3" duration-ms="10334" started-at="2019-06-21T10:22:18Z" finished-at="2019-06-21T10:22:28Z">
      <class name="tests.Mainclasses">
        <test-method status="PASS" signature="launch()[pri:1, instance:tests.Mainclasses@3532ec19]" name="launch" duration-ms="8657" started-at="2019-06-21T10:22:18Z" finished-at="2019-06-21T10:22:26Z">
          <reporter-output>
          </reporter-output>
        </test-method> <!-- launch -->
        <test-method status="PASS" signature="login(java.lang.String, java.lang.String)[pri:2, instance:tests.Mainclasses@3532ec19]" name="login" duration-ms="1492" started-at="2019-06-21T10:22:26Z" finished-at="2019-06-21T10:22:28Z">
          <params>
            <param index="0">
              <value>
                <![CDATA[9705427]]>
              </value>
            </param>
            <param index="1">
              <value>
                <![CDATA[K8336M]]>
              </value>
            </param>
          </params>
          <reporter-output>
          </reporter-output>
        </test-method> <!-- login -->
        <test-method status="PASS" signature="validations(java.lang.String, java.lang.String, java.lang.String, java.lang.String)[pri:3, instance:tests.Mainclasses@3532ec19]" name="validations" duration-ms="48" started-at="2019-06-21T10:22:28Z" finished-at="2019-06-21T10:22:28Z">
          <params>
            <param index="0">
              <value>
                <![CDATA[9705427]]>
              </value>
            </param>
            <param index="1">
              <value>
                <![CDATA[invalid]]>
              </value>
            </param>
            <param index="2">
              <value>
                <![CDATA[K8336M]]>
              </value>
            </param>
            <param index="3">
              <value>
                <![CDATA[valid]]>
              </value>
            </param>
          </params>
          <reporter-output>
            <line>
              <![CDATA[wrong size mbno test passed]]>
            </line>
          </reporter-output>
        </test-method> <!-- validations -->
        <test-method status="PASS" signature="closesite()[pri:4, instance:tests.Mainclasses@3532ec19]" name="closesite" duration-ms="125" started-at="2019-06-21T10:22:28Z" finished-at="2019-06-21T10:22:28Z">
          <reporter-output>
          </reporter-output>
        </test-method> <!-- closesite -->
      </class> <!-- tests.Mainclasses -->
    </test> <!-- page3 -->
    <test name="page4" duration-ms="10445" started-at="2019-06-21T10:22:28Z" finished-at="2019-06-21T10:22:39Z">
      <class name="tests.Mainclasses">
        <test-method status="PASS" signature="launch()[pri:1, instance:tests.Mainclasses@3e6fa38a]" name="launch" duration-ms="8761" started-at="2019-06-21T10:22:28Z" finished-at="2019-06-21T10:22:37Z">
          <reporter-output>
          </reporter-output>
        </test-method> <!-- launch -->
        <test-method status="PASS" signature="login(java.lang.String, java.lang.String)[pri:2, instance:tests.Mainclasses@3e6fa38a]" name="login" duration-ms="1470" started-at="2019-06-21T10:22:37Z" finished-at="2019-06-21T10:22:38Z">
          <params>
            <param index="0">
              <value>
                <![CDATA[1245897112]]>
              </value>
            </param>
            <param index="1">
              <value>
                <![CDATA[K8336M]]>
              </value>
            </param>
          </params>
          <reporter-output>
          </reporter-output>
        </test-method> <!-- login -->
        <test-method status="PASS" signature="validations(java.lang.String, java.lang.String, java.lang.String, java.lang.String)[pri:3, instance:tests.Mainclasses@3e6fa38a]" name="validations" duration-ms="80" started-at="2019-06-21T10:22:38Z" finished-at="2019-06-21T10:22:38Z">
          <params>
            <param index="0">
              <value>
                <![CDATA[1245897112]]>
              </value>
            </param>
            <param index="1">
              <value>
                <![CDATA[invalid]]>
              </value>
            </param>
            <param index="2">
              <value>
                <![CDATA[K8336M]]>
              </value>
            </param>
            <param index="3">
              <value>
                <![CDATA[valid]]>
              </value>
            </param>
          </params>
          <reporter-output>
            <line>
              <![CDATA[invalid mbno test passed]]>
            </line>
          </reporter-output>
        </test-method> <!-- validations -->
        <test-method status="PASS" signature="closesite()[pri:4, instance:tests.Mainclasses@3e6fa38a]" name="closesite" duration-ms="121" started-at="2019-06-21T10:22:38Z" finished-at="2019-06-21T10:22:39Z">
          <reporter-output>
          </reporter-output>
        </test-method> <!-- closesite -->
      </class> <!-- tests.Mainclasses -->
    </test> <!-- page4 -->
    <test name="page5" duration-ms="10832" started-at="2019-06-21T10:22:39Z" finished-at="2019-06-21T10:22:49Z">
      <class name="tests.Mainclasses">
        <test-method status="PASS" signature="launch()[pri:1, instance:tests.Mainclasses@5e3a8624]" name="launch" duration-ms="9170" started-at="2019-06-21T10:22:39Z" finished-at="2019-06-21T10:22:48Z">
          <reporter-output>
          </reporter-output>
        </test-method> <!-- launch -->
        <test-method status="PASS" signature="login(java.lang.String, java.lang.String)[pri:2, instance:tests.Mainclasses@5e3a8624]" name="login" duration-ms="1453" started-at="2019-06-21T10:22:48Z" finished-at="2019-06-21T10:22:49Z">
          <params>
            <param index="0">
              <value>
                <![CDATA[9705427250]]>
              </value>
            </param>
            <param index="1">
              <value>
                <![CDATA[]]>
              </value>
            </param>
          </params>
          <reporter-output>
          </reporter-output>
        </test-method> <!-- login -->
        <test-method status="PASS" signature="validations(java.lang.String, java.lang.String, java.lang.String, java.lang.String)[pri:3, instance:tests.Mainclasses@5e3a8624]" name="validations" duration-ms="46" started-at="2019-06-21T10:22:49Z" finished-at="2019-06-21T10:22:49Z">
          <params>
            <param index="0">
              <value>
                <![CDATA[9705427250]]>
              </value>
            </param>
            <param index="1">
              <value>
                <![CDATA[valid]]>
              </value>
            </param>
            <param index="2">
              <value>
                <![CDATA[]]>
              </value>
            </param>
            <param index="3">
              <value>
                <![CDATA[invalid]]>
              </value>
            </param>
          </params>
          <reporter-output>
            <line>
              <![CDATA[Blank password test passd]]>
            </line>
          </reporter-output>
        </test-method> <!-- validations -->
        <test-method status="PASS" signature="closesite()[pri:4, instance:tests.Mainclasses@5e3a8624]" name="closesite" duration-ms="154" started-at="2019-06-21T10:22:49Z" finished-at="2019-06-21T10:22:49Z">
          <reporter-output>
          </reporter-output>
        </test-method> <!-- closesite -->
      </class> <!-- tests.Mainclasses -->
    </test> <!-- page5 -->
    <test name="page6" duration-ms="12835" started-at="2019-06-21T10:22:49Z" finished-at="2019-06-21T10:23:02Z">
      <class name="tests.Mainclasses">
        <test-method status="PASS" signature="launch()[pri:1, instance:tests.Mainclasses@7cd62f43]" name="launch" duration-ms="11171" started-at="2019-06-21T10:22:49Z" finished-at="2019-06-21T10:23:01Z">
          <reporter-output>
          </reporter-output>
        </test-method> <!-- launch -->
        <test-method status="PASS" signature="login(java.lang.String, java.lang.String)[pri:2, instance:tests.Mainclasses@7cd62f43]" name="login" duration-ms="1491" started-at="2019-06-21T10:23:01Z" finished-at="2019-06-21T10:23:02Z">
          <params>
            <param index="0">
              <value>
                <![CDATA[9705427250]]>
              </value>
            </param>
            <param index="1">
              <value>
                <![CDATA[K8336]]>
              </value>
            </param>
          </params>
          <reporter-output>
          </reporter-output>
        </test-method> <!-- login -->
        <test-method status="PASS" signature="validations(java.lang.String, java.lang.String, java.lang.String, java.lang.String)[pri:3, instance:tests.Mainclasses@7cd62f43]" name="validations" duration-ms="34" started-at="2019-06-21T10:23:02Z" finished-at="2019-06-21T10:23:02Z">
          <params>
            <param index="0">
              <value>
                <![CDATA[9705427250]]>
              </value>
            </param>
            <param index="1">
              <value>
                <![CDATA[valid]]>
              </value>
            </param>
            <param index="2">
              <value>
                <![CDATA[K8336]]>
              </value>
            </param>
            <param index="3">
              <value>
                <![CDATA[invalid]]>
              </value>
            </param>
          </params>
          <reporter-output>
            <line>
              <![CDATA[no such element: Unable to locate element: {"method":"xpath","selector":"//*[text()='Invalid Mobile Number']"}
  (Session info: chrome=75.0.3770.100)
  (Driver info: chromedriver=72.0.3626.69 (3c16f8a135abc0d4da2dff33804db79b849a7c38),platform=Windows NT 10.0.17134 x86_64) (WARNING: The server did not provide any stacktrace information)
Command duration or timeout: 0 milliseconds
For documentation on this error, please visit: http://seleniumhq.org/exceptions/no_such_element.html
Build info: version: '3.141.0', revision: '2ecb7d9a', time: '2018-10-31T20:22:52'
System info: host: 'DESKTOP-BA82JK2', ip: '192.168.217.1', os.name: 'Windows 10', os.arch: 'amd64', os.version: '10.0', java.version: '1.8.0_191'
Driver info: org.openqa.selenium.chrome.ChromeDriver
Capabilities {acceptInsecureCerts: false, acceptSslCerts: false, applicationCacheEnabled: false, browserConnectionEnabled: false, browserName: chrome, chrome: {chromedriverVersion: 72.0.3626.69 (3c16f8a135abc..., userDataDir: C:\Users\MavenPC1\AppData\L...}, cssSelectorsEnabled: true, databaseEnabled: false, goog:chromeOptions: {debuggerAddress: localhost:57038}, handlesAlerts: true, hasTouchScreen: false, javascriptEnabled: true, locationContextEnabled: true, mobileEmulationEnabled: false, nativeEvents: true, networkConnectionEnabled: false, pageLoadStrategy: normal, platform: XP, platformName: XP, proxy: Proxy(), rotatable: false, setWindowRect: true, takesHeapSnapshot: true, takesScreenshot: true, timeouts: {implicit: 0, pageLoad: 300000, script: 30000}, unexpectedAlertBehaviour: ignore, unhandledPromptBehavior: ignore, version: 75.0.3770.100, webStorageEnabled: true}
Session ID: cd4272f250e76aa1acbd889e52e46c55
*** Element info: {Using=xpath, value=//*[text()='Invalid Mobile Number']}]]>
            </line>
          </reporter-output>
        </test-method> <!-- validations -->
        <test-method status="PASS" signature="closesite()[pri:4, instance:tests.Mainclasses@7cd62f43]" name="closesite" duration-ms="117" started-at="2019-06-21T10:23:02Z" finished-at="2019-06-21T10:23:02Z">
          <reporter-output>
          </reporter-output>
        </test-method> <!-- closesite -->
      </class> <!-- tests.Mainclasses -->
    </test> <!-- page6 -->
  </suite> <!-- Suite -->
</testng-results>
